SF:lib\src\either.dart
DA:43,2
DA:46,1
DA:51,1
DA:67,1
DA:68,1
DA:69,1
DA:70,3
DA:72,1
DA:73,3
DA:84,4
DA:93,4
DA:104,1
DA:105,2
DA:106,1
DA:107,1
DA:118,1
DA:119,2
DA:120,1
DA:121,1
DA:134,6
DA:136,0
DA:138,0
DA:141,1
DA:144,1
DA:145,3
DA:146,3
DA:147,3
DA:148,3
DA:150,1
DA:151,8
DA:160,1
DA:161,1
DA:162,1
DA:163,1
DA:164,2
DA:177,1
DA:178,1
DA:179,1
DA:180,1
DA:181,2
LF:40
LH:38
end_of_record
SF:lib\src\maybe.dart
DA:15,1
DA:20,1
DA:29,1
DA:30,1
DA:32,1
DA:33,1
DA:44,1
DA:45,2
DA:46,1
DA:47,1
DA:58,1
DA:59,1
DA:61,1
DA:62,3
DA:74,1
DA:75,1
DA:76,1
DA:77,2
DA:93,1
DA:94,1
DA:95,2
DA:98,1
DA:101,1
DA:102,2
DA:103,6
DA:109,0
DA:111,0
DA:112,0
DA:115,0
DA:117,0
DA:129,1
DA:130,1
DA:131,1
DA:132,1
DA:133,2
LF:35
LH:30
end_of_record
SF:lib\src\result.dart
DA:33,3
DA:36,3
DA:51,1
DA:52,3
DA:69,1
DA:70,1
DA:86,1
DA:87,2
DA:89,1
DA:90,1
DA:91,1
DA:101,1
DA:102,2
DA:103,1
DA:104,1
DA:114,3
DA:123,3
DA:126,2
DA:129,2
DA:143,1
DA:144,0
DA:146,1
DA:147,3
DA:148,3
DA:162,1
DA:163,3
DA:165,3
DA:167,0
DA:192,1
DA:193,1
DA:194,1
DA:196,3
DA:198,0
DA:202,1
DA:204,7
DA:206,1
DA:207,2
LF:37
LH:34
end_of_record
SF:lib\src\exceptions.dart
DA:5,1
LF:1
LH:1
end_of_record
SF:lib\src\random_variable.dart
DA:31,2
DA:43,2
DA:55,2
DA:67,0
DA:79,1
DA:80,0
DA:81,1
DA:82,2
DA:83,1
DA:97,1
DA:98,0
DA:99,1
DA:100,2
DA:101,0
DA:118,2
DA:136,0
DA:137,0
DA:138,0
DA:154,1
DA:155,0
DA:156,1
DA:157,0
DA:158,1
DA:159,1
DA:165,1
DA:167,1
DA:168,2
DA:176,1
DA:177,2
DA:180,1
DA:181,1
DA:182,2
DA:184,1
DA:185,5
DA:191,1
DA:192,2
DA:193,2
DA:195,1
DA:196,2
DA:202,1
DA:203,2
DA:204,2
DA:206,1
DA:207,2
DA:215,0
DA:217,0
DA:218,0
DA:225,1
DA:226,1
DA:227,0
DA:228,1
DA:229,1
DA:231,1
DA:232,4
DA:246,1
DA:247,1
DA:248,1
DA:263,0
DA:269,1
DA:270,1
DA:271,2
DA:272,1
DA:273,1
DA:285,1
DA:287,1
DA:288,2
DA:290,2
DA:291,1
DA:295,1
DA:296,4
DA:298,4
DA:299,4
DA:308,0
DA:310,0
DA:312,0
DA:313,0
DA:322,0
DA:323,0
DA:324,0
DA:325,0
DA:326,0
DA:328,0
DA:329,0
DA:350,1
DA:351,0
DA:352,2
DA:353,5
DA:354,2
DA:355,4
DA:356,1
DA:358,1
DA:360,4
DA:365,3
DA:366,1
DA:367,1
DA:370,1
DA:371,1
DA:380,1
DA:381,1
DA:382,1
DA:393,1
DA:395,1
DA:398,2
DA:399,2
DA:400,2
DA:401,1
DA:407,7
LF:107
LH:81
end_of_record
SF:lib\src\extensions\int.dart
DA:13,1
DA:14,1
DA:15,1
DA:16,2
DA:18,1
DA:20,1
DA:21,1
DA:22,2
DA:24,1
DA:28,2
DA:29,1
DA:30,1
DA:47,1
DA:48,1
DA:52,1
LF:15
LH:15
end_of_record
SF:lib\src\extensions\iterable.dart
DA:32,1
DA:33,0
DA:34,0
DA:35,0
DA:37,2
DA:39,1
DA:43,1
DA:45,1
DA:46,1
DA:49,1
DA:53,1
DA:63,1
DA:64,1
DA:65,3
DA:66,1
DA:77,1
DA:78,1
DA:79,1
DA:80,1
DA:81,1
DA:94,1
DA:95,1
DA:96,1
DA:102,1
DA:104,1
DA:115,1
DA:116,1
DA:118,1
DA:120,1
DA:121,1
DA:122,1
DA:133,1
DA:134,1
DA:135,1
DA:136,4
DA:146,1
DA:149,1
DA:150,1
DA:151,2
DA:163,1
DA:164,1
DA:165,1
DA:166,1
DA:168,1
DA:169,2
DA:183,1
DA:189,2
LF:47
LH:44
end_of_record
SF:lib\src\curry.dart
DA:14,1
DA:15,3
DA:26,1
DA:27,3
DA:40,0
DA:51,0
DA:59,5
DA:67,5
DA:75,5
DA:83,5
DA:91,5
DA:99,0
LF:12
LH:9
end_of_record
